0 info it worked if it ends with ok
1 verbose cli [ '/usr/local/bin/node', '/usr/local/bin/npm', 'start' ]
2 info using npm@3.5.3
3 info using node@v4.2.2
4 verbose run-script [ 'prestart', 'start', 'poststart' ]
5 info lifecycle webgl-gallery-torontojs@1.0.0~prestart: webgl-gallery-torontojs@1.0.0
6 silly lifecycle webgl-gallery-torontojs@1.0.0~prestart: no script for prestart, continuing
7 info lifecycle webgl-gallery-torontojs@1.0.0~start: webgl-gallery-torontojs@1.0.0
8 verbose lifecycle webgl-gallery-torontojs@1.0.0~start: unsafe-perm in lifecycle true
9 verbose lifecycle webgl-gallery-torontojs@1.0.0~start: PATH: /usr/local/lib/node_modules/npm/bin/node-gyp-bin:/Users/aaronmcleod/Sites/webgl-gallery/node_modules/.bin:/Users/aaronmcleod/.rbenv/shims:/usr/local/Cellar/vim/7.4.027/bin:/usr/local/heroku/bin:/usr/local/bin:/Users/aaronmcleod/.rbenv/shims:/usr/local/Cellar/vim/7.4.027/bin:/usr/local/heroku/bin:/usr/local/bin:/usr/local/bin:/usr/bin:/bin:/usr/sbin:/sbin:/opt/X11/bin:/usr/local/go/bin:/opt/sm/bin:/opt/sm/pkg/active/bin:/opt/sm/pkg/active/sbin:/Users/aaronmcleod/bin:/usr/local/go/bin:/Users/aaronmcleod/Library/Android/sdk/platform-tools:/Users/aaronmcleod/Library/Android/sdk/tools:/Users/aaronmcleod/.cargo/bin:/Users/aaronmcleod/go:/Users/aaronmcleod/bin:/usr/local/go/bin:/Users/aaronmcleod/Library/Android/sdk/platform-tools:/Users/aaronmcleod/Library/Android/sdk/tools:/Users/aaronmcleod/.cargo/bin:/Users/aaronmcleod/go
10 verbose lifecycle webgl-gallery-torontojs@1.0.0~start: CWD: /Users/aaronmcleod/Sites/webgl-gallery
11 silly lifecycle webgl-gallery-torontojs@1.0.0~start: Args: [ '-c',
11 silly lifecycle   './webpack-dev-server/bin/webpack-dev-server.js --port 8100' ]
12 info lifecycle webgl-gallery-torontojs@1.0.0~start: Failed to exec start script
13 verbose stack Error: webgl-gallery-torontojs@1.0.0 start: `./webpack-dev-server/bin/webpack-dev-server.js --port 8100`
13 verbose stack spawn ENOENT
13 verbose stack     at ChildProcess.<anonymous> (/usr/local/lib/node_modules/npm/lib/utils/spawn.js:17:16)
13 verbose stack     at emitTwo (events.js:87:13)
13 verbose stack     at ChildProcess.emit (events.js:172:7)
13 verbose stack     at maybeClose (internal/child_process.js:818:16)
13 verbose stack     at Process.ChildProcess._handle.onexit (internal/child_process.js:211:5)
14 verbose pkgid webgl-gallery-torontojs@1.0.0
15 verbose cwd /Users/aaronmcleod/Sites/webgl-gallery
16 error Darwin 15.5.0
17 error argv "/usr/local/bin/node" "/usr/local/bin/npm" "start"
18 error node v4.2.2
19 error npm  v3.5.3
20 error file sh
21 error code ELIFECYCLE
22 error errno ENOENT
23 error syscall spawn
24 error webgl-gallery-torontojs@1.0.0 start: `./webpack-dev-server/bin/webpack-dev-server.js --port 8100`
24 error spawn ENOENT
25 error Failed at the webgl-gallery-torontojs@1.0.0 start script './webpack-dev-server/bin/webpack-dev-server.js --port 8100'.
25 error Make sure you have the latest version of node.js and npm installed.
25 error If you do, this is most likely a problem with the webgl-gallery-torontojs package,
25 error not with npm itself.
25 error Tell the author that this fails on your system:
25 error     ./webpack-dev-server/bin/webpack-dev-server.js --port 8100
25 error You can get information on how to open an issue for this project with:
25 error     npm bugs webgl-gallery-torontojs
25 error Or if that isn't available, you can get their info via:
25 error     npm owner ls webgl-gallery-torontojs
25 error There is likely additional logging output above.
26 verbose exit [ 1, true ]
